Connecting to database specified by database.yml
Started GET "/" for 127.0.0.1 at 2013-07-24 08:00:17 +0530

PG::Error (FATAL:  database "scrapbook_prod" does not exist
):
  activerecord (3.2.13) lib/active_record/connection_adapters/postgresql_adapter.rb:1216:in `initialize'
  activerecord (3.2.13) lib/active_record/connection_adapters/postgresql_adapter.rb:1216:in `new'
  activerecord (3.2.13) lib/active_record/connection_adapters/postgresql_adapter.rb:1216:in `connect'
  activerecord (3.2.13) lib/active_record/connection_adapters/postgresql_adapter.rb:324:in `initialize'
  activerecord (3.2.13) lib/active_record/connection_adapters/postgresql_adapter.rb:28:in `new'
  activerecord (3.2.13) lib/active_record/connection_adapters/postgresql_adapter.rb:28:in `postgresql_connection'
  activerecord (3.2.13) lib/active_record/connection_adapters/abstract/connection_pool.rb:315:in `new_connection'
  activerecord (3.2.13) lib/active_record/connection_adapters/abstract/connection_pool.rb:325:in `checkout_new_connection'
  activerecord (3.2.13) lib/active_record/connection_adapters/abstract/connection_pool.rb:247:in `block (2 levels) in checkout'
  activerecord (3.2.13) lib/active_record/connection_adapters/abstract/connection_pool.rb:242:in `loop'
  activerecord (3.2.13) lib/active_record/connection_adapters/abstract/connection_pool.rb:242:in `block in checkout'
  /home/enbake/.rvm/rubies/ruby-1.9.3-p429/lib/ruby/1.9.1/monitor.rb:211:in `mon_synchronize'
  activerecord (3.2.13) lib/active_record/connection_adapters/abstract/connection_pool.rb:239:in `checkout'
  activerecord (3.2.13) lib/active_record/connection_adapters/abstract/connection_pool.rb:102:in `block in connection'
  /home/enbake/.rvm/rubies/ruby-1.9.3-p429/lib/ruby/1.9.1/monitor.rb:211:in `mon_synchronize'
  activerecord (3.2.13) lib/active_record/connection_adapters/abstract/connection_pool.rb:101:in `connection'
  activerecord (3.2.13) lib/active_record/connection_adapters/abstract/connection_pool.rb:410:in `retrieve_connection'
  activerecord (3.2.13) lib/active_record/connection_adapters/abstract/connection_specification.rb:171:in `retrieve_connection'
  activerecord (3.2.13) lib/active_record/connection_adapters/abstract/connection_specification.rb:145:in `connection'
  activerecord (3.2.13) lib/active_record/query_cache.rb:67:in `rescue in call'
  activerecord (3.2.13) lib/active_record/query_cache.rb:61:in `call'
  activerecord (3.2.13) lib/active_record/connection_adapters/abstract/connection_pool.rb:479:in `call'
  actionpack (3.2.13) lib/action_dispatch/middleware/callbacks.rb:28:in `block in call'
  activesupport (3.2.13) lib/active_support/callbacks.rb:405:in `_run__308454701__call__761103119__callbacks'
  activesupport (3.2.13) lib/active_support/callbacks.rb:405:in `__run_callback'
  activesupport (3.2.13) lib/active_support/callbacks.rb:385:in `_run_call_callbacks'
  activesupport (3.2.13) lib/active_support/callbacks.rb:81:in `run_callbacks'
  actionpack (3.2.13) lib/action_dispatch/middleware/callbacks.rb:27:in `call'
  actionpack (3.2.13) lib/action_dispatch/middleware/remote_ip.rb:31:in `call'
  actionpack (3.2.13) lib/action_dispatch/middleware/debug_exceptions.rb:16:in `call'
  actionpack (3.2.13) lib/action_dispatch/middleware/show_exceptions.rb:56:in `call'
  railties (3.2.13) lib/rails/rack/logger.rb:32:in `call_app'
  railties (3.2.13) lib/rails/rack/logger.rb:16:in `block in call'
  activesupport (3.2.13) lib/active_support/tagged_logging.rb:22:in `tagged'
  railties (3.2.13) lib/rails/rack/logger.rb:16:in `call'
  actionpack (3.2.13) lib/action_dispatch/middleware/request_id.rb:22:in `call'
  rack (1.4.5) lib/rack/methodoverride.rb:21:in `call'
  rack (1.4.5) lib/rack/runtime.rb:17:in `call'
  activesupport (3.2.13) lib/active_support/cache/strategy/local_cache.rb:72:in `call'
  rack (1.4.5) lib/rack/lock.rb:15:in `call'
  rack-cache (1.2) lib/rack/cache/context.rb:136:in `forward'
  rack-cache (1.2) lib/rack/cache/context.rb:245:in `fetch'
  rack-cache (1.2) lib/rack/cache/context.rb:185:in `lookup'
  rack-cache (1.2) lib/rack/cache/context.rb:66:in `call!'
  rack-cache (1.2) lib/rack/cache/context.rb:51:in `call'
  railties (3.2.13) lib/rails/engine.rb:479:in `call'
  railties (3.2.13) lib/rails/application.rb:223:in `call'
  rack (1.4.5) lib/rack/content_length.rb:14:in `call'
  railties (3.2.13) lib/rails/rack/log_tailer.rb:17:in `call'
  rack (1.4.5) lib/rack/handler/webrick.rb:59:in `service'
  /home/enbake/.rvm/rubies/ruby-1.9.3-p429/lib/ruby/1.9.1/webrick/httpserver.rb:138:in `service'
  /home/enbake/.rvm/rubies/ruby-1.9.3-p429/lib/ruby/1.9.1/webrick/httpserver.rb:94:in `run'
  /home/enbake/.rvm/rubies/ruby-1.9.3-p429/lib/ruby/1.9.1/webrick/server.rb:191:in `block in start_thread'


Started GET "/favicon.ico" for 127.0.0.1 at 2013-07-24 08:00:18 +0530

PG::Error (FATAL:  database "scrapbook_prod" does not exist
):
  activerecord (3.2.13) lib/active_record/connection_adapters/postgresql_adapter.rb:1216:in `initialize'
  activerecord (3.2.13) lib/active_record/connection_adapters/postgresql_adapter.rb:1216:in `new'
  activerecord (3.2.13) lib/active_record/connection_adapters/postgresql_adapter.rb:1216:in `connect'
  activerecord (3.2.13) lib/active_record/connection_adapters/postgresql_adapter.rb:324:in `initialize'
  activerecord (3.2.13) lib/active_record/connection_adapters/postgresql_adapter.rb:28:in `new'
  activerecord (3.2.13) lib/active_record/connection_adapters/postgresql_adapter.rb:28:in `postgresql_connection'
  activerecord (3.2.13) lib/active_record/connection_adapters/abstract/connection_pool.rb:315:in `new_connection'
  activerecord (3.2.13) lib/active_record/connection_adapters/abstract/connection_pool.rb:325:in `checkout_new_connection'
  activerecord (3.2.13) lib/active_record/connection_adapters/abstract/connection_pool.rb:247:in `block (2 levels) in checkout'
  activerecord (3.2.13) lib/active_record/connection_adapters/abstract/connection_pool.rb:242:in `loop'
  activerecord (3.2.13) lib/active_record/connection_adapters/abstract/connection_pool.rb:242:in `block in checkout'
  /home/enbake/.rvm/rubies/ruby-1.9.3-p429/lib/ruby/1.9.1/monitor.rb:211:in `mon_synchronize'
  activerecord (3.2.13) lib/active_record/connection_adapters/abstract/connection_pool.rb:239:in `checkout'
  activerecord (3.2.13) lib/active_record/connection_adapters/abstract/connection_pool.rb:102:in `block in connection'
  /home/enbake/.rvm/rubies/ruby-1.9.3-p429/lib/ruby/1.9.1/monitor.rb:211:in `mon_synchronize'
  activerecord (3.2.13) lib/active_record/connection_adapters/abstract/connection_pool.rb:101:in `connection'
  activerecord (3.2.13) lib/active_record/connection_adapters/abstract/connection_pool.rb:410:in `retrieve_connection'
  activerecord (3.2.13) lib/active_record/connection_adapters/abstract/connection_specification.rb:171:in `retrieve_connection'
  activerecord (3.2.13) lib/active_record/connection_adapters/abstract/connection_specification.rb:145:in `connection'
  activerecord (3.2.13) lib/active_record/query_cache.rb:67:in `rescue in call'
  activerecord (3.2.13) lib/active_record/query_cache.rb:61:in `call'
  activerecord (3.2.13) lib/active_record/connection_adapters/abstract/connection_pool.rb:479:in `call'
  actionpack (3.2.13) lib/action_dispatch/middleware/callbacks.rb:28:in `block in call'
  activesupport (3.2.13) lib/active_support/callbacks.rb:405:in `_run__308454701__call__761103119__callbacks'
  activesupport (3.2.13) lib/active_support/callbacks.rb:405:in `__run_callback'
  activesupport (3.2.13) lib/active_support/callbacks.rb:385:in `_run_call_callbacks'
  activesupport (3.2.13) lib/active_support/callbacks.rb:81:in `run_callbacks'
  actionpack (3.2.13) lib/action_dispatch/middleware/callbacks.rb:27:in `call'
  actionpack (3.2.13) lib/action_dispatch/middleware/remote_ip.rb:31:in `call'
  actionpack (3.2.13) lib/action_dispatch/middleware/debug_exceptions.rb:16:in `call'
  actionpack (3.2.13) lib/action_dispatch/middleware/show_exceptions.rb:56:in `call'
  railties (3.2.13) lib/rails/rack/logger.rb:32:in `call_app'
  railties (3.2.13) lib/rails/rack/logger.rb:16:in `block in call'
  activesupport (3.2.13) lib/active_support/tagged_logging.rb:22:in `tagged'
  railties (3.2.13) lib/rails/rack/logger.rb:16:in `call'
  actionpack (3.2.13) lib/action_dispatch/middleware/request_id.rb:22:in `call'
  rack (1.4.5) lib/rack/methodoverride.rb:21:in `call'
  rack (1.4.5) lib/rack/runtime.rb:17:in `call'
  activesupport (3.2.13) lib/active_support/cache/strategy/local_cache.rb:72:in `call'
  rack (1.4.5) lib/rack/lock.rb:15:in `call'
  rack-cache (1.2) lib/rack/cache/context.rb:136:in `forward'
  rack-cache (1.2) lib/rack/cache/context.rb:245:in `fetch'
  rack-cache (1.2) lib/rack/cache/context.rb:185:in `lookup'
  rack-cache (1.2) lib/rack/cache/context.rb:66:in `call!'
  rack-cache (1.2) lib/rack/cache/context.rb:51:in `call'
  railties (3.2.13) lib/rails/engine.rb:479:in `call'
  railties (3.2.13) lib/rails/application.rb:223:in `call'
  rack (1.4.5) lib/rack/content_length.rb:14:in `call'
  railties (3.2.13) lib/rails/rack/log_tailer.rb:17:in `call'
  rack (1.4.5) lib/rack/handler/webrick.rb:59:in `service'
  /home/enbake/.rvm/rubies/ruby-1.9.3-p429/lib/ruby/1.9.1/webrick/httpserver.rb:138:in `service'
  /home/enbake/.rvm/rubies/ruby-1.9.3-p429/lib/ruby/1.9.1/webrick/httpserver.rb:94:in `run'
  /home/enbake/.rvm/rubies/ruby-1.9.3-p429/lib/ruby/1.9.1/webrick/server.rb:191:in `block in start_thread'


Connecting to database specified by database.yml
Started GET "/" for 127.0.0.1 at 2013-07-24 08:01:07 +0530

PG::Error (FATAL:  database "scrapbook_prod" does not exist
):
  activerecord (3.2.13) lib/active_record/connection_adapters/postgresql_adapter.rb:1216:in `initialize'
  activerecord (3.2.13) lib/active_record/connection_adapters/postgresql_adapter.rb:1216:in `new'
  activerecord (3.2.13) lib/active_record/connection_adapters/postgresql_adapter.rb:1216:in `connect'
  activerecord (3.2.13) lib/active_record/connection_adapters/postgresql_adapter.rb:324:in `initialize'
  activerecord (3.2.13) lib/active_record/connection_adapters/postgresql_adapter.rb:28:in `new'
  activerecord (3.2.13) lib/active_record/connection_adapters/postgresql_adapter.rb:28:in `postgresql_connection'
  activerecord (3.2.13) lib/active_record/connection_adapters/abstract/connection_pool.rb:315:in `new_connection'
  activerecord (3.2.13) lib/active_record/connection_adapters/abstract/connection_pool.rb:325:in `checkout_new_connection'
  activerecord (3.2.13) lib/active_record/connection_adapters/abstract/connection_pool.rb:247:in `block (2 levels) in checkout'
  activerecord (3.2.13) lib/active_record/connection_adapters/abstract/connection_pool.rb:242:in `loop'
  activerecord (3.2.13) lib/active_record/connection_adapters/abstract/connection_pool.rb:242:in `block in checkout'
  /home/enbake/.rvm/rubies/ruby-1.9.3-p429/lib/ruby/1.9.1/monitor.rb:211:in `mon_synchronize'
  activerecord (3.2.13) lib/active_record/connection_adapters/abstract/connection_pool.rb:239:in `checkout'
  activerecord (3.2.13) lib/active_record/connection_adapters/abstract/connection_pool.rb:102:in `block in connection'
  /home/enbake/.rvm/rubies/ruby-1.9.3-p429/lib/ruby/1.9.1/monitor.rb:211:in `mon_synchronize'
  activerecord (3.2.13) lib/active_record/connection_adapters/abstract/connection_pool.rb:101:in `connection'
  activerecord (3.2.13) lib/active_record/connection_adapters/abstract/connection_pool.rb:410:in `retrieve_connection'
  activerecord (3.2.13) lib/active_record/connection_adapters/abstract/connection_specification.rb:171:in `retrieve_connection'
  activerecord (3.2.13) lib/active_record/connection_adapters/abstract/connection_specification.rb:145:in `connection'
  activerecord (3.2.13) lib/active_record/query_cache.rb:67:in `rescue in call'
  activerecord (3.2.13) lib/active_record/query_cache.rb:61:in `call'
  activerecord (3.2.13) lib/active_record/connection_adapters/abstract/connection_pool.rb:479:in `call'
  actionpack (3.2.13) lib/action_dispatch/middleware/callbacks.rb:28:in `block in call'
  activesupport (3.2.13) lib/active_support/callbacks.rb:405:in `_run__464903970__call__192115620__callbacks'
  activesupport (3.2.13) lib/active_support/callbacks.rb:405:in `__run_callback'
  activesupport (3.2.13) lib/active_support/callbacks.rb:385:in `_run_call_callbacks'
  activesupport (3.2.13) lib/active_support/callbacks.rb:81:in `run_callbacks'
  actionpack (3.2.13) lib/action_dispatch/middleware/callbacks.rb:27:in `call'
  actionpack (3.2.13) lib/action_dispatch/middleware/remote_ip.rb:31:in `call'
  actionpack (3.2.13) lib/action_dispatch/middleware/debug_exceptions.rb:16:in `call'
  actionpack (3.2.13) lib/action_dispatch/middleware/show_exceptions.rb:56:in `call'
  railties (3.2.13) lib/rails/rack/logger.rb:32:in `call_app'
  railties (3.2.13) lib/rails/rack/logger.rb:16:in `block in call'
  activesupport (3.2.13) lib/active_support/tagged_logging.rb:22:in `tagged'
  railties (3.2.13) lib/rails/rack/logger.rb:16:in `call'
  actionpack (3.2.13) lib/action_dispatch/middleware/request_id.rb:22:in `call'
  rack (1.4.5) lib/rack/methodoverride.rb:21:in `call'
  rack (1.4.5) lib/rack/runtime.rb:17:in `call'
  activesupport (3.2.13) lib/active_support/cache/strategy/local_cache.rb:72:in `call'
  rack (1.4.5) lib/rack/lock.rb:15:in `call'
  rack-cache (1.2) lib/rack/cache/context.rb:136:in `forward'
  rack-cache (1.2) lib/rack/cache/context.rb:245:in `fetch'
  rack-cache (1.2) lib/rack/cache/context.rb:185:in `lookup'
  rack-cache (1.2) lib/rack/cache/context.rb:66:in `call!'
  rack-cache (1.2) lib/rack/cache/context.rb:51:in `call'
  railties (3.2.13) lib/rails/engine.rb:479:in `call'
  railties (3.2.13) lib/rails/application.rb:223:in `call'
  rack (1.4.5) lib/rack/content_length.rb:14:in `call'
  railties (3.2.13) lib/rails/rack/log_tailer.rb:17:in `call'
  rack (1.4.5) lib/rack/handler/webrick.rb:59:in `service'
  /home/enbake/.rvm/rubies/ruby-1.9.3-p429/lib/ruby/1.9.1/webrick/httpserver.rb:138:in `service'
  /home/enbake/.rvm/rubies/ruby-1.9.3-p429/lib/ruby/1.9.1/webrick/httpserver.rb:94:in `run'
  /home/enbake/.rvm/rubies/ruby-1.9.3-p429/lib/ruby/1.9.1/webrick/server.rb:191:in `block in start_thread'


Started GET "/" for 127.0.0.1 at 2013-07-24 08:01:11 +0530

PG::Error (FATAL:  database "scrapbook_prod" does not exist
):
  activerecord (3.2.13) lib/active_record/connection_adapters/postgresql_adapter.rb:1216:in `initialize'
  activerecord (3.2.13) lib/active_record/connection_adapters/postgresql_adapter.rb:1216:in `new'
  activerecord (3.2.13) lib/active_record/connection_adapters/postgresql_adapter.rb:1216:in `connect'
  activerecord (3.2.13) lib/active_record/connection_adapters/postgresql_adapter.rb:324:in `initialize'
  activerecord (3.2.13) lib/active_record/connection_adapters/postgresql_adapter.rb:28:in `new'
  activerecord (3.2.13) lib/active_record/connection_adapters/postgresql_adapter.rb:28:in `postgresql_connection'
  activerecord (3.2.13) lib/active_record/connection_adapters/abstract/connection_pool.rb:315:in `new_connection'
  activerecord (3.2.13) lib/active_record/connection_adapters/abstract/connection_pool.rb:325:in `checkout_new_connection'
  activerecord (3.2.13) lib/active_record/connection_adapters/abstract/connection_pool.rb:247:in `block (2 levels) in checkout'
  activerecord (3.2.13) lib/active_record/connection_adapters/abstract/connection_pool.rb:242:in `loop'
  activerecord (3.2.13) lib/active_record/connection_adapters/abstract/connection_pool.rb:242:in `block in checkout'
  /home/enbake/.rvm/rubies/ruby-1.9.3-p429/lib/ruby/1.9.1/monitor.rb:211:in `mon_synchronize'
  activerecord (3.2.13) lib/active_record/connection_adapters/abstract/connection_pool.rb:239:in `checkout'
  activerecord (3.2.13) lib/active_record/connection_adapters/abstract/connection_pool.rb:102:in `block in connection'
  /home/enbake/.rvm/rubies/ruby-1.9.3-p429/lib/ruby/1.9.1/monitor.rb:211:in `mon_synchronize'
  activerecord (3.2.13) lib/active_record/connection_adapters/abstract/connection_pool.rb:101:in `connection'
  activerecord (3.2.13) lib/active_record/connection_adapters/abstract/connection_pool.rb:410:in `retrieve_connection'
  activerecord (3.2.13) lib/active_record/connection_adapters/abstract/connection_specification.rb:171:in `retrieve_connection'
  activerecord (3.2.13) lib/active_record/connection_adapters/abstract/connection_specification.rb:145:in `connection'
  activerecord (3.2.13) lib/active_record/query_cache.rb:67:in `rescue in call'
  activerecord (3.2.13) lib/active_record/query_cache.rb:61:in `call'
  activerecord (3.2.13) lib/active_record/connection_adapters/abstract/connection_pool.rb:479:in `call'
  actionpack (3.2.13) lib/action_dispatch/middleware/callbacks.rb:28:in `block in call'
  activesupport (3.2.13) lib/active_support/callbacks.rb:405:in `_run__464903970__call__192115620__callbacks'
  activesupport (3.2.13) lib/active_support/callbacks.rb:405:in `__run_callback'
  activesupport (3.2.13) lib/active_support/callbacks.rb:385:in `_run_call_callbacks'
  activesupport (3.2.13) lib/active_support/callbacks.rb:81:in `run_callbacks'
  actionpack (3.2.13) lib/action_dispatch/middleware/callbacks.rb:27:in `call'
  actionpack (3.2.13) lib/action_dispatch/middleware/remote_ip.rb:31:in `call'
  actionpack (3.2.13) lib/action_dispatch/middleware/debug_exceptions.rb:16:in `call'
  actionpack (3.2.13) lib/action_dispatch/middleware/show_exceptions.rb:56:in `call'
  railties (3.2.13) lib/rails/rack/logger.rb:32:in `call_app'
  railties (3.2.13) lib/rails/rack/logger.rb:16:in `block in call'
  activesupport (3.2.13) lib/active_support/tagged_logging.rb:22:in `tagged'
  railties (3.2.13) lib/rails/rack/logger.rb:16:in `call'
  actionpack (3.2.13) lib/action_dispatch/middleware/request_id.rb:22:in `call'
  rack (1.4.5) lib/rack/methodoverride.rb:21:in `call'
  rack (1.4.5) lib/rack/runtime.rb:17:in `call'
  activesupport (3.2.13) lib/active_support/cache/strategy/local_cache.rb:72:in `call'
  rack (1.4.5) lib/rack/lock.rb:15:in `call'
  rack-cache (1.2) lib/rack/cache/context.rb:136:in `forward'
  rack-cache (1.2) lib/rack/cache/context.rb:245:in `fetch'
  rack-cache (1.2) lib/rack/cache/context.rb:185:in `lookup'
  rack-cache (1.2) lib/rack/cache/context.rb:66:in `call!'
  rack-cache (1.2) lib/rack/cache/context.rb:51:in `call'
  railties (3.2.13) lib/rails/engine.rb:479:in `call'
  railties (3.2.13) lib/rails/application.rb:223:in `call'
  rack (1.4.5) lib/rack/content_length.rb:14:in `call'
  railties (3.2.13) lib/rails/rack/log_tailer.rb:17:in `call'
  rack (1.4.5) lib/rack/handler/webrick.rb:59:in `service'
  /home/enbake/.rvm/rubies/ruby-1.9.3-p429/lib/ruby/1.9.1/webrick/httpserver.rb:138:in `service'
  /home/enbake/.rvm/rubies/ruby-1.9.3-p429/lib/ruby/1.9.1/webrick/httpserver.rb:94:in `run'
  /home/enbake/.rvm/rubies/ruby-1.9.3-p429/lib/ruby/1.9.1/webrick/server.rb:191:in `block in start_thread'


Started GET "/" for 127.0.0.1 at 2013-07-24 08:01:12 +0530

PG::Error (FATAL:  database "scrapbook_prod" does not exist
):
  activerecord (3.2.13) lib/active_record/connection_adapters/postgresql_adapter.rb:1216:in `initialize'
  activerecord (3.2.13) lib/active_record/connection_adapters/postgresql_adapter.rb:1216:in `new'
  activerecord (3.2.13) lib/active_record/connection_adapters/postgresql_adapter.rb:1216:in `connect'
  activerecord (3.2.13) lib/active_record/connection_adapters/postgresql_adapter.rb:324:in `initialize'
  activerecord (3.2.13) lib/active_record/connection_adapters/postgresql_adapter.rb:28:in `new'
  activerecord (3.2.13) lib/active_record/connection_adapters/postgresql_adapter.rb:28:in `postgresql_connection'
  activerecord (3.2.13) lib/active_record/connection_adapters/abstract/connection_pool.rb:315:in `new_connection'
  activerecord (3.2.13) lib/active_record/connection_adapters/abstract/connection_pool.rb:325:in `checkout_new_connection'
  activerecord (3.2.13) lib/active_record/connection_adapters/abstract/connection_pool.rb:247:in `block (2 levels) in checkout'
  activerecord (3.2.13) lib/active_record/connection_adapters/abstract/connection_pool.rb:242:in `loop'
  activerecord (3.2.13) lib/active_record/connection_adapters/abstract/connection_pool.rb:242:in `block in checkout'
  /home/enbake/.rvm/rubies/ruby-1.9.3-p429/lib/ruby/1.9.1/monitor.rb:211:in `mon_synchronize'
  activerecord (3.2.13) lib/active_record/connection_adapters/abstract/connection_pool.rb:239:in `checkout'
  activerecord (3.2.13) lib/active_record/connection_adapters/abstract/connection_pool.rb:102:in `block in connection'
  /home/enbake/.rvm/rubies/ruby-1.9.3-p429/lib/ruby/1.9.1/monitor.rb:211:in `mon_synchronize'
  activerecord (3.2.13) lib/active_record/connection_adapters/abstract/connection_pool.rb:101:in `connection'
  activerecord (3.2.13) lib/active_record/connection_adapters/abstract/connection_pool.rb:410:in `retrieve_connection'
  activerecord (3.2.13) lib/active_record/connection_adapters/abstract/connection_specification.rb:171:in `retrieve_connection'
  activerecord (3.2.13) lib/active_record/connection_adapters/abstract/connection_specification.rb:145:in `connection'
  activerecord (3.2.13) lib/active_record/query_cache.rb:67:in `rescue in call'
  activerecord (3.2.13) lib/active_record/query_cache.rb:61:in `call'
  activerecord (3.2.13) lib/active_record/connection_adapters/abstract/connection_pool.rb:479:in `call'
  actionpack (3.2.13) lib/action_dispatch/middleware/callbacks.rb:28:in `block in call'
  activesupport (3.2.13) lib/active_support/callbacks.rb:405:in `_run__464903970__call__192115620__callbacks'
  activesupport (3.2.13) lib/active_support/callbacks.rb:405:in `__run_callback'
  activesupport (3.2.13) lib/active_support/callbacks.rb:385:in `_run_call_callbacks'
  activesupport (3.2.13) lib/active_support/callbacks.rb:81:in `run_callbacks'
  actionpack (3.2.13) lib/action_dispatch/middleware/callbacks.rb:27:in `call'
  actionpack (3.2.13) lib/action_dispatch/middleware/remote_ip.rb:31:in `call'
  actionpack (3.2.13) lib/action_dispatch/middleware/debug_exceptions.rb:16:in `call'
  actionpack (3.2.13) lib/action_dispatch/middleware/show_exceptions.rb:56:in `call'
  railties (3.2.13) lib/rails/rack/logger.rb:32:in `call_app'
  railties (3.2.13) lib/rails/rack/logger.rb:16:in `block in call'
  activesupport (3.2.13) lib/active_support/tagged_logging.rb:22:in `tagged'
  railties (3.2.13) lib/rails/rack/logger.rb:16:in `call'
  actionpack (3.2.13) lib/action_dispatch/middleware/request_id.rb:22:in `call'
  rack (1.4.5) lib/rack/methodoverride.rb:21:in `call'
  rack (1.4.5) lib/rack/runtime.rb:17:in `call'
  activesupport (3.2.13) lib/active_support/cache/strategy/local_cache.rb:72:in `call'
  rack (1.4.5) lib/rack/lock.rb:15:in `call'
  rack-cache (1.2) lib/rack/cache/context.rb:136:in `forward'
  rack-cache (1.2) lib/rack/cache/context.rb:245:in `fetch'
  rack-cache (1.2) lib/rack/cache/context.rb:185:in `lookup'
  rack-cache (1.2) lib/rack/cache/context.rb:66:in `call!'
  rack-cache (1.2) lib/rack/cache/context.rb:51:in `call'
  railties (3.2.13) lib/rails/engine.rb:479:in `call'
  railties (3.2.13) lib/rails/application.rb:223:in `call'
  rack (1.4.5) lib/rack/content_length.rb:14:in `call'
  railties (3.2.13) lib/rails/rack/log_tailer.rb:17:in `call'
  rack (1.4.5) lib/rack/handler/webrick.rb:59:in `service'
  /home/enbake/.rvm/rubies/ruby-1.9.3-p429/lib/ruby/1.9.1/webrick/httpserver.rb:138:in `service'
  /home/enbake/.rvm/rubies/ruby-1.9.3-p429/lib/ruby/1.9.1/webrick/httpserver.rb:94:in `run'
  /home/enbake/.rvm/rubies/ruby-1.9.3-p429/lib/ruby/1.9.1/webrick/server.rb:191:in `block in start_thread'


Connecting to database specified by database.yml
Migrating to CreateUsers (20130723122856)
Migrating to CreateAlbums (20130723132656)
Connecting to database specified by database.yml
Started GET "/" for 127.0.0.1 at 2013-07-24 08:02:06 +0530
Processing by AlbumsController#index as HTML
Redirected to http://localhost:3000/login
Filter chain halted as :authenticate_user rendered or redirected
Completed 302 Found in 1ms (ActiveRecord: 0.0ms)
Started GET "/login" for 127.0.0.1 at 2013-07-24 08:02:06 +0530
Processing by SessionsController#new as HTML
  Rendered sessions/new.html.erb within layouts/application (3.9ms)
Completed 500 Internal Server Error in 68ms

ActionView::Template::Error (application.css isn't precompiled):
    12:       <script src="//cdnjs.cloudflare.com/ajax/libs/html5shiv/3.6.1/html5shiv.js" type="text/javascript"></script>
    13:     <![endif]-->
    14: 
    15:     <%= stylesheet_link_tag "application", :media => "all" %>
    16: 
    17:     <!-- For third-generation iPad with high-resolution Retina display: -->
    18:     <!-- Size should be 144 x 144 pixels -->
  app/views/layouts/application.html.erb:15:in `_app_views_layouts_application_html_erb__577048548_85011410'


Compiled jquery.js  (2ms)  (pid 3655)
Compiled jquery_ujs.js  (0ms)  (pid 3655)
Compiled twitter/bootstrap/bootstrap-transition.js  (0ms)  (pid 3655)
Compiled twitter/bootstrap/bootstrap-alert.js  (19ms)  (pid 3655)
Compiled twitter/bootstrap/bootstrap-modal.js  (0ms)  (pid 3655)
Compiled twitter/bootstrap/bootstrap-dropdown.js  (0ms)  (pid 3655)
Compiled twitter/bootstrap/bootstrap-scrollspy.js  (0ms)  (pid 3655)
Compiled twitter/bootstrap/bootstrap-tab.js  (0ms)  (pid 3655)
Compiled twitter/bootstrap/bootstrap-tooltip.js  (0ms)  (pid 3655)
Compiled twitter/bootstrap/bootstrap-popover.js  (0ms)  (pid 3655)
Compiled twitter/bootstrap/bootstrap-button.js  (0ms)  (pid 3655)
Compiled twitter/bootstrap/bootstrap-collapse.js  (0ms)  (pid 3655)
Compiled twitter/bootstrap/bootstrap-carousel.js  (0ms)  (pid 3655)
Compiled twitter/bootstrap/bootstrap-typeahead.js  (0ms)  (pid 3655)
Compiled twitter/bootstrap/bootstrap-affix.js  (0ms)  (pid 3655)
Compiled twitter/bootstrap.js  (113ms)  (pid 3655)
Compiled albums.js  (75ms)  (pid 3655)
Compiled bootstrap.js  (5ms)  (pid 3655)
Compiled sessions.js  (0ms)  (pid 3655)
Compiled users.js  (18ms)  (pid 3655)
Compiled application.js  (250ms)  (pid 3655)
Compiled albums.css  (61ms)  (pid 3655)
Compiled bootstrap_and_overrides.css  (1006ms)  (pid 3655)
Compiled sessions.css  (1ms)  (pid 3655)
Compiled users.css  (1ms)  (pid 3655)
Compiled application.css  (1170ms)  (pid 3655)
Compiled jquery.js  (2ms)  (pid 3655)
Compiled jquery_ujs.js  (0ms)  (pid 3655)
Compiled twitter/bootstrap/bootstrap-transition.js  (0ms)  (pid 3655)
Compiled twitter/bootstrap/bootstrap-alert.js  (0ms)  (pid 3655)
Compiled twitter/bootstrap/bootstrap-modal.js  (0ms)  (pid 3655)
Compiled twitter/bootstrap/bootstrap-dropdown.js  (0ms)  (pid 3655)
Compiled twitter/bootstrap/bootstrap-scrollspy.js  (0ms)  (pid 3655)
Compiled twitter/bootstrap/bootstrap-tab.js  (0ms)  (pid 3655)
Compiled twitter/bootstrap/bootstrap-tooltip.js  (0ms)  (pid 3655)
Compiled twitter/bootstrap/bootstrap-popover.js  (0ms)  (pid 3655)
Compiled twitter/bootstrap/bootstrap-button.js  (0ms)  (pid 3655)
Compiled twitter/bootstrap/bootstrap-collapse.js  (0ms)  (pid 3655)
Compiled twitter/bootstrap/bootstrap-carousel.js  (0ms)  (pid 3655)
Compiled twitter/bootstrap/bootstrap-typeahead.js  (0ms)  (pid 3655)
Compiled twitter/bootstrap/bootstrap-affix.js  (1ms)  (pid 3655)
Compiled twitter/bootstrap.js  (131ms)  (pid 3655)
Compiled albums.js  (55ms)  (pid 3655)
Compiled bootstrap.js  (5ms)  (pid 3655)
Compiled sessions.js  (0ms)  (pid 3655)
Compiled users.js  (18ms)  (pid 3655)
Compiled application.js  (249ms)  (pid 3655)
Compiled albums.css  (25ms)  (pid 3655)
Compiled bootstrap_and_overrides.css  (833ms)  (pid 3655)
Compiled sessions.css  (1ms)  (pid 3655)
Compiled users.css  (1ms)  (pid 3655)
Compiled application.css  (920ms)  (pid 3655)
Connecting to database specified by database.yml
Started GET "/login" for 127.0.0.1 at 2013-07-24 08:03:18 +0530
Processing by SessionsController#new as HTML
  Rendered sessions/new.html.erb within layouts/application (3.9ms)
Completed 500 Internal Server Error in 52ms

ActionView::Template::Error (apple-touch-icon-144x144-precomposed.png isn't precompiled):
    16: 
    17:     <!-- For third-generation iPad with high-resolution Retina display: -->
    18:     <!-- Size should be 144 x 144 pixels -->
    19:     <%= favicon_link_tag 'apple-touch-icon-144x144-precomposed.png', :rel => 'apple-touch-icon-precomposed', :type => 'image/png', :sizes => '144x144' %>
    20: 
    21:     <!-- For iPhone with high-resolution Retina display: -->
    22:     <!-- Size should be 114 x 114 pixels -->
  app/views/layouts/application.html.erb:19:in `_app_views_layouts_application_html_erb___401010954_83441350'


Connecting to database specified by database.yml
Started GET "/login" for 127.0.0.1 at 2013-07-24 08:04:32 +0530
Processing by SessionsController#new as HTML
  Rendered sessions/new.html.erb within layouts/application (4.2ms)
Completed 200 OK in 33ms (Views: 33.0ms | ActiveRecord: 0.0ms)
Started GET "/assets/application-1b7487706324ab1386b256b55aaf21b5.css" for 127.0.0.1 at 2013-07-24 08:04:32 +0530

ActionController::RoutingError (No route matches [GET] "/assets/application-1b7487706324ab1386b256b55aaf21b5.css"):
  actionpack (3.2.13) lib/action_dispatch/middleware/debug_exceptions.rb:21:in `call'
  actionpack (3.2.13) lib/action_dispatch/middleware/show_exceptions.rb:56:in `call'
  railties (3.2.13) lib/rails/rack/logger.rb:32:in `call_app'
  railties (3.2.13) lib/rails/rack/logger.rb:16:in `block in call'
  activesupport (3.2.13) lib/active_support/tagged_logging.rb:22:in `tagged'
  railties (3.2.13) lib/rails/rack/logger.rb:16:in `call'
  actionpack (3.2.13) lib/action_dispatch/middleware/request_id.rb:22:in `call'
  rack (1.4.5) lib/rack/methodoverride.rb:21:in `call'
  rack (1.4.5) lib/rack/runtime.rb:17:in `call'
  activesupport (3.2.13) lib/active_support/cache/strategy/local_cache.rb:72:in `call'
  rack (1.4.5) lib/rack/lock.rb:15:in `call'
  rack-cache (1.2) lib/rack/cache/context.rb:136:in `forward'
  rack-cache (1.2) lib/rack/cache/context.rb:245:in `fetch'
  rack-cache (1.2) lib/rack/cache/context.rb:185:in `lookup'
  rack-cache (1.2) lib/rack/cache/context.rb:66:in `call!'
  rack-cache (1.2) lib/rack/cache/context.rb:51:in `call'
  railties (3.2.13) lib/rails/engine.rb:479:in `call'
  railties (3.2.13) lib/rails/application.rb:223:in `call'
  rack (1.4.5) lib/rack/content_length.rb:14:in `call'
  railties (3.2.13) lib/rails/rack/log_tailer.rb:17:in `call'
  rack (1.4.5) lib/rack/handler/webrick.rb:59:in `service'
  /home/enbake/.rvm/rubies/ruby-1.9.3-p429/lib/ruby/1.9.1/webrick/httpserver.rb:138:in `service'
  /home/enbake/.rvm/rubies/ruby-1.9.3-p429/lib/ruby/1.9.1/webrick/httpserver.rb:94:in `run'
  /home/enbake/.rvm/rubies/ruby-1.9.3-p429/lib/ruby/1.9.1/webrick/server.rb:191:in `block in start_thread'


Started GET "/assets/favicon-4811806c6b573b979f05de2adfd7e386.ico" for 127.0.0.1 at 2013-07-24 08:04:32 +0530

ActionController::RoutingError (No route matches [GET] "/assets/favicon-4811806c6b573b979f05de2adfd7e386.ico"):
  actionpack (3.2.13) lib/action_dispatch/middleware/debug_exceptions.rb:21:in `call'
  actionpack (3.2.13) lib/action_dispatch/middleware/show_exceptions.rb:56:in `call'
  railties (3.2.13) lib/rails/rack/logger.rb:32:in `call_app'
  railties (3.2.13) lib/rails/rack/logger.rb:16:in `block in call'
  activesupport (3.2.13) lib/active_support/tagged_logging.rb:22:in `tagged'
  railties (3.2.13) lib/rails/rack/logger.rb:16:in `call'
  actionpack (3.2.13) lib/action_dispatch/middleware/request_id.rb:22:in `call'
  rack (1.4.5) lib/rack/methodoverride.rb:21:in `call'
  rack (1.4.5) lib/rack/runtime.rb:17:in `call'
  activesupport (3.2.13) lib/active_support/cache/strategy/local_cache.rb:72:in `call'
  rack (1.4.5) lib/rack/lock.rb:15:in `call'
  rack-cache (1.2) lib/rack/cache/context.rb:136:in `forward'
  rack-cache (1.2) lib/rack/cache/context.rb:245:in `fetch'
  rack-cache (1.2) lib/rack/cache/context.rb:185:in `lookup'
  rack-cache (1.2) lib/rack/cache/context.rb:66:in `call!'
  rack-cache (1.2) lib/rack/cache/context.rb:51:in `call'
  railties (3.2.13) lib/rails/engine.rb:479:in `call'
  railties (3.2.13) lib/rails/application.rb:223:in `call'
  rack (1.4.5) lib/rack/content_length.rb:14:in `call'
  railties (3.2.13) lib/rails/rack/log_tailer.rb:17:in `call'
  rack (1.4.5) lib/rack/handler/webrick.rb:59:in `service'
  /home/enbake/.rvm/rubies/ruby-1.9.3-p429/lib/ruby/1.9.1/webrick/httpserver.rb:138:in `service'
  /home/enbake/.rvm/rubies/ruby-1.9.3-p429/lib/ruby/1.9.1/webrick/httpserver.rb:94:in `run'
  /home/enbake/.rvm/rubies/ruby-1.9.3-p429/lib/ruby/1.9.1/webrick/server.rb:191:in `block in start_thread'


Started GET "/assets/application-0095bf5d731c006d12811245ea5d80ce.js" for 127.0.0.1 at 2013-07-24 08:04:32 +0530

ActionController::RoutingError (No route matches [GET] "/assets/application-0095bf5d731c006d12811245ea5d80ce.js"):
  actionpack (3.2.13) lib/action_dispatch/middleware/debug_exceptions.rb:21:in `call'
  actionpack (3.2.13) lib/action_dispatch/middleware/show_exceptions.rb:56:in `call'
  railties (3.2.13) lib/rails/rack/logger.rb:32:in `call_app'
  railties (3.2.13) lib/rails/rack/logger.rb:16:in `block in call'
  activesupport (3.2.13) lib/active_support/tagged_logging.rb:22:in `tagged'
  railties (3.2.13) lib/rails/rack/logger.rb:16:in `call'
  actionpack (3.2.13) lib/action_dispatch/middleware/request_id.rb:22:in `call'
  rack (1.4.5) lib/rack/methodoverride.rb:21:in `call'
  rack (1.4.5) lib/rack/runtime.rb:17:in `call'
  activesupport (3.2.13) lib/active_support/cache/strategy/local_cache.rb:72:in `call'
  rack (1.4.5) lib/rack/lock.rb:15:in `call'
  rack-cache (1.2) lib/rack/cache/context.rb:136:in `forward'
  rack-cache (1.2) lib/rack/cache/context.rb:245:in `fetch'
  rack-cache (1.2) lib/rack/cache/context.rb:185:in `lookup'
  rack-cache (1.2) lib/rack/cache/context.rb:66:in `call!'
  rack-cache (1.2) lib/rack/cache/context.rb:51:in `call'
  railties (3.2.13) lib/rails/engine.rb:479:in `call'
  railties (3.2.13) lib/rails/application.rb:223:in `call'
  rack (1.4.5) lib/rack/content_length.rb:14:in `call'
  railties (3.2.13) lib/rails/rack/log_tailer.rb:17:in `call'
  rack (1.4.5) lib/rack/handler/webrick.rb:59:in `service'
  /home/enbake/.rvm/rubies/ruby-1.9.3-p429/lib/ruby/1.9.1/webrick/httpserver.rb:138:in `service'
  /home/enbake/.rvm/rubies/ruby-1.9.3-p429/lib/ruby/1.9.1/webrick/httpserver.rb:94:in `run'
  /home/enbake/.rvm/rubies/ruby-1.9.3-p429/lib/ruby/1.9.1/webrick/server.rb:191:in `block in start_thread'


Compiled jquery.js  (2ms)  (pid 3719)
Compiled jquery_ujs.js  (0ms)  (pid 3719)
Compiled twitter/bootstrap/bootstrap-transition.js  (0ms)  (pid 3719)
Compiled twitter/bootstrap/bootstrap-alert.js  (0ms)  (pid 3719)
Compiled twitter/bootstrap/bootstrap-modal.js  (0ms)  (pid 3719)
Compiled twitter/bootstrap/bootstrap-dropdown.js  (0ms)  (pid 3719)
Compiled twitter/bootstrap/bootstrap-scrollspy.js  (0ms)  (pid 3719)
Compiled twitter/bootstrap/bootstrap-tab.js  (0ms)  (pid 3719)
Compiled twitter/bootstrap/bootstrap-tooltip.js  (0ms)  (pid 3719)
Compiled twitter/bootstrap/bootstrap-popover.js  (0ms)  (pid 3719)
Compiled twitter/bootstrap/bootstrap-button.js  (0ms)  (pid 3719)
Compiled twitter/bootstrap/bootstrap-collapse.js  (0ms)  (pid 3719)
Compiled twitter/bootstrap/bootstrap-carousel.js  (0ms)  (pid 3719)
Compiled twitter/bootstrap/bootstrap-typeahead.js  (0ms)  (pid 3719)
Compiled twitter/bootstrap/bootstrap-affix.js  (0ms)  (pid 3719)
Compiled twitter/bootstrap.js  (135ms)  (pid 3719)
Compiled albums.js  (55ms)  (pid 3719)
Compiled bootstrap.js  (5ms)  (pid 3719)
Compiled sessions.js  (0ms)  (pid 3719)
Compiled users.js  (18ms)  (pid 3719)
Compiled application.js  (271ms)  (pid 3719)
Compiled albums.css  (7ms)  (pid 3719)
Compiled bootstrap_and_overrides.css  (963ms)  (pid 3719)
Compiled sessions.css  (1ms)  (pid 3719)
Compiled users.css  (1ms)  (pid 3719)
Compiled application.css  (1069ms)  (pid 3719)
Compiled jquery.js  (2ms)  (pid 3719)
Compiled jquery_ujs.js  (0ms)  (pid 3719)
Compiled twitter/bootstrap/bootstrap-transition.js  (0ms)  (pid 3719)
Compiled twitter/bootstrap/bootstrap-alert.js  (0ms)  (pid 3719)
Compiled twitter/bootstrap/bootstrap-modal.js  (19ms)  (pid 3719)
Compiled twitter/bootstrap/bootstrap-dropdown.js  (0ms)  (pid 3719)
Compiled twitter/bootstrap/bootstrap-scrollspy.js  (0ms)  (pid 3719)
Compiled twitter/bootstrap/bootstrap-tab.js  (0ms)  (pid 3719)
Compiled twitter/bootstrap/bootstrap-tooltip.js  (0ms)  (pid 3719)
Compiled twitter/bootstrap/bootstrap-popover.js  (0ms)  (pid 3719)
Compiled twitter/bootstrap/bootstrap-button.js  (0ms)  (pid 3719)
Compiled twitter/bootstrap/bootstrap-collapse.js  (0ms)  (pid 3719)
Compiled twitter/bootstrap/bootstrap-carousel.js  (0ms)  (pid 3719)
Compiled twitter/bootstrap/bootstrap-typeahead.js  (0ms)  (pid 3719)
Compiled twitter/bootstrap/bootstrap-affix.js  (0ms)  (pid 3719)
Compiled twitter/bootstrap.js  (162ms)  (pid 3719)
Compiled albums.js  (55ms)  (pid 3719)
Compiled bootstrap.js  (5ms)  (pid 3719)
Compiled sessions.js  (0ms)  (pid 3719)
Compiled users.js  (18ms)  (pid 3719)
Compiled application.js  (280ms)  (pid 3719)
Compiled albums.css  (26ms)  (pid 3719)
Compiled bootstrap_and_overrides.css  (830ms)  (pid 3719)
Compiled sessions.css  (1ms)  (pid 3719)
Compiled users.css  (1ms)  (pid 3719)
Compiled application.css  (956ms)  (pid 3719)
Connecting to database specified by database.yml
Started GET "/login" for 127.0.0.1 at 2013-07-24 08:05:46 +0530
Processing by SessionsController#new as HTML
  Rendered sessions/new.html.erb within layouts/application (3.9ms)
Completed 200 OK in 33ms (Views: 32.9ms | ActiveRecord: 0.0ms)
Started GET "/assets/application-1b7487706324ab1386b256b55aaf21b5.css" for 127.0.0.1 at 2013-07-24 08:05:47 +0530

ActionController::RoutingError (No route matches [GET] "/assets/application-1b7487706324ab1386b256b55aaf21b5.css"):
  actionpack (3.2.13) lib/action_dispatch/middleware/debug_exceptions.rb:21:in `call'
  actionpack (3.2.13) lib/action_dispatch/middleware/show_exceptions.rb:56:in `call'
  railties (3.2.13) lib/rails/rack/logger.rb:32:in `call_app'
  railties (3.2.13) lib/rails/rack/logger.rb:16:in `block in call'
  activesupport (3.2.13) lib/active_support/tagged_logging.rb:22:in `tagged'
  railties (3.2.13) lib/rails/rack/logger.rb:16:in `call'
  actionpack (3.2.13) lib/action_dispatch/middleware/request_id.rb:22:in `call'
  rack (1.4.5) lib/rack/methodoverride.rb:21:in `call'
  rack (1.4.5) lib/rack/runtime.rb:17:in `call'
  activesupport (3.2.13) lib/active_support/cache/strategy/local_cache.rb:72:in `call'
  rack (1.4.5) lib/rack/lock.rb:15:in `call'
  rack-cache (1.2) lib/rack/cache/context.rb:136:in `forward'
  rack-cache (1.2) lib/rack/cache/context.rb:245:in `fetch'
  rack-cache (1.2) lib/rack/cache/context.rb:185:in `lookup'
  rack-cache (1.2) lib/rack/cache/context.rb:66:in `call!'
  rack-cache (1.2) lib/rack/cache/context.rb:51:in `call'
  railties (3.2.13) lib/rails/engine.rb:479:in `call'
  railties (3.2.13) lib/rails/application.rb:223:in `call'
  rack (1.4.5) lib/rack/content_length.rb:14:in `call'
  railties (3.2.13) lib/rails/rack/log_tailer.rb:17:in `call'
  rack (1.4.5) lib/rack/handler/webrick.rb:59:in `service'
  /home/enbake/.rvm/rubies/ruby-1.9.3-p429/lib/ruby/1.9.1/webrick/httpserver.rb:138:in `service'
  /home/enbake/.rvm/rubies/ruby-1.9.3-p429/lib/ruby/1.9.1/webrick/httpserver.rb:94:in `run'
  /home/enbake/.rvm/rubies/ruby-1.9.3-p429/lib/ruby/1.9.1/webrick/server.rb:191:in `block in start_thread'


Started GET "/assets/application-0095bf5d731c006d12811245ea5d80ce.js" for 127.0.0.1 at 2013-07-24 08:05:47 +0530

ActionController::RoutingError (No route matches [GET] "/assets/application-0095bf5d731c006d12811245ea5d80ce.js"):
  actionpack (3.2.13) lib/action_dispatch/middleware/debug_exceptions.rb:21:in `call'
  actionpack (3.2.13) lib/action_dispatch/middleware/show_exceptions.rb:56:in `call'
  railties (3.2.13) lib/rails/rack/logger.rb:32:in `call_app'
  railties (3.2.13) lib/rails/rack/logger.rb:16:in `block in call'
  activesupport (3.2.13) lib/active_support/tagged_logging.rb:22:in `tagged'
  railties (3.2.13) lib/rails/rack/logger.rb:16:in `call'
  actionpack (3.2.13) lib/action_dispatch/middleware/request_id.rb:22:in `call'
  rack (1.4.5) lib/rack/methodoverride.rb:21:in `call'
  rack (1.4.5) lib/rack/runtime.rb:17:in `call'
  activesupport (3.2.13) lib/active_support/cache/strategy/local_cache.rb:72:in `call'
  rack (1.4.5) lib/rack/lock.rb:15:in `call'
  rack-cache (1.2) lib/rack/cache/context.rb:136:in `forward'
  rack-cache (1.2) lib/rack/cache/context.rb:245:in `fetch'
  rack-cache (1.2) lib/rack/cache/context.rb:185:in `lookup'
  rack-cache (1.2) lib/rack/cache/context.rb:66:in `call!'
  rack-cache (1.2) lib/rack/cache/context.rb:51:in `call'
  railties (3.2.13) lib/rails/engine.rb:479:in `call'
  railties (3.2.13) lib/rails/application.rb:223:in `call'
  rack (1.4.5) lib/rack/content_length.rb:14:in `call'
  railties (3.2.13) lib/rails/rack/log_tailer.rb:17:in `call'
  rack (1.4.5) lib/rack/handler/webrick.rb:59:in `service'
  /home/enbake/.rvm/rubies/ruby-1.9.3-p429/lib/ruby/1.9.1/webrick/httpserver.rb:138:in `service'
  /home/enbake/.rvm/rubies/ruby-1.9.3-p429/lib/ruby/1.9.1/webrick/httpserver.rb:94:in `run'
  /home/enbake/.rvm/rubies/ruby-1.9.3-p429/lib/ruby/1.9.1/webrick/server.rb:191:in `block in start_thread'


Started GET "/login" for 127.0.0.1 at 2013-07-24 08:05:48 +0530
Processing by SessionsController#new as HTML
  Rendered sessions/new.html.erb within layouts/application (0.8ms)
Completed 200 OK in 3ms (Views: 3.1ms | ActiveRecord: 0.0ms)
Started GET "/assets/application-1b7487706324ab1386b256b55aaf21b5.css" for 127.0.0.1 at 2013-07-24 08:05:48 +0530

ActionController::RoutingError (No route matches [GET] "/assets/application-1b7487706324ab1386b256b55aaf21b5.css"):
  actionpack (3.2.13) lib/action_dispatch/middleware/debug_exceptions.rb:21:in `call'
  actionpack (3.2.13) lib/action_dispatch/middleware/show_exceptions.rb:56:in `call'
  railties (3.2.13) lib/rails/rack/logger.rb:32:in `call_app'
  railties (3.2.13) lib/rails/rack/logger.rb:16:in `block in call'
  activesupport (3.2.13) lib/active_support/tagged_logging.rb:22:in `tagged'
  railties (3.2.13) lib/rails/rack/logger.rb:16:in `call'
  actionpack (3.2.13) lib/action_dispatch/middleware/request_id.rb:22:in `call'
  rack (1.4.5) lib/rack/methodoverride.rb:21:in `call'
  rack (1.4.5) lib/rack/runtime.rb:17:in `call'
  activesupport (3.2.13) lib/active_support/cache/strategy/local_cache.rb:72:in `call'
  rack (1.4.5) lib/rack/lock.rb:15:in `call'
  rack-cache (1.2) lib/rack/cache/context.rb:136:in `forward'
  rack-cache (1.2) lib/rack/cache/context.rb:245:in `fetch'
  rack-cache (1.2) lib/rack/cache/context.rb:185:in `lookup'
  rack-cache (1.2) lib/rack/cache/context.rb:66:in `call!'
  rack-cache (1.2) lib/rack/cache/context.rb:51:in `call'
  railties (3.2.13) lib/rails/engine.rb:479:in `call'
  railties (3.2.13) lib/rails/application.rb:223:in `call'
  rack (1.4.5) lib/rack/content_length.rb:14:in `call'
  railties (3.2.13) lib/rails/rack/log_tailer.rb:17:in `call'
  rack (1.4.5) lib/rack/handler/webrick.rb:59:in `service'
  /home/enbake/.rvm/rubies/ruby-1.9.3-p429/lib/ruby/1.9.1/webrick/httpserver.rb:138:in `service'
  /home/enbake/.rvm/rubies/ruby-1.9.3-p429/lib/ruby/1.9.1/webrick/httpserver.rb:94:in `run'
  /home/enbake/.rvm/rubies/ruby-1.9.3-p429/lib/ruby/1.9.1/webrick/server.rb:191:in `block in start_thread'


Started GET "/assets/application-0095bf5d731c006d12811245ea5d80ce.js" for 127.0.0.1 at 2013-07-24 08:05:48 +0530

ActionController::RoutingError (No route matches [GET] "/assets/application-0095bf5d731c006d12811245ea5d80ce.js"):
  actionpack (3.2.13) lib/action_dispatch/middleware/debug_exceptions.rb:21:in `call'
  actionpack (3.2.13) lib/action_dispatch/middleware/show_exceptions.rb:56:in `call'
  railties (3.2.13) lib/rails/rack/logger.rb:32:in `call_app'
  railties (3.2.13) lib/rails/rack/logger.rb:16:in `block in call'
  activesupport (3.2.13) lib/active_support/tagged_logging.rb:22:in `tagged'
  railties (3.2.13) lib/rails/rack/logger.rb:16:in `call'
  actionpack (3.2.13) lib/action_dispatch/middleware/request_id.rb:22:in `call'
  rack (1.4.5) lib/rack/methodoverride.rb:21:in `call'
  rack (1.4.5) lib/rack/runtime.rb:17:in `call'
  activesupport (3.2.13) lib/active_support/cache/strategy/local_cache.rb:72:in `call'
  rack (1.4.5) lib/rack/lock.rb:15:in `call'
  rack-cache (1.2) lib/rack/cache/context.rb:136:in `forward'
  rack-cache (1.2) lib/rack/cache/context.rb:245:in `fetch'
  rack-cache (1.2) lib/rack/cache/context.rb:185:in `lookup'
  rack-cache (1.2) lib/rack/cache/context.rb:66:in `call!'
  rack-cache (1.2) lib/rack/cache/context.rb:51:in `call'
  railties (3.2.13) lib/rails/engine.rb:479:in `call'
  railties (3.2.13) lib/rails/application.rb:223:in `call'
  rack (1.4.5) lib/rack/content_length.rb:14:in `call'
  railties (3.2.13) lib/rails/rack/log_tailer.rb:17:in `call'
  rack (1.4.5) lib/rack/handler/webrick.rb:59:in `service'
  /home/enbake/.rvm/rubies/ruby-1.9.3-p429/lib/ruby/1.9.1/webrick/httpserver.rb:138:in `service'
  /home/enbake/.rvm/rubies/ruby-1.9.3-p429/lib/ruby/1.9.1/webrick/httpserver.rb:94:in `run'
  /home/enbake/.rvm/rubies/ruby-1.9.3-p429/lib/ruby/1.9.1/webrick/server.rb:191:in `block in start_thread'


Connecting to database specified by database.yml
Started GET "/login" for 127.0.0.1 at 2013-07-24 08:09:25 +0530
Processing by SessionsController#new as HTML
  Rendered sessions/new.html.erb within layouts/application (4.0ms)
Completed 500 Internal Server Error in 51ms

ActionView::Template::Error (application.css isn't precompiled):
    12:       <script src="//cdnjs.cloudflare.com/ajax/libs/html5shiv/3.6.1/html5shiv.js" type="text/javascript"></script>
    13:     <![endif]-->
    14: 
    15:     <%= stylesheet_link_tag "application", :media => "all" %>
    16: 
    17:     <%= favicon_link_tag 'favicon.ico', :rel => 'shortcut icon' %>
    18:   </head>
  app/views/layouts/application.html.erb:15:in `_app_views_layouts_application_html_erb___285483055_86286700'


Compiled jquery.js  (2ms)  (pid 3837)
Compiled jquery_ujs.js  (0ms)  (pid 3837)
Compiled twitter/bootstrap/bootstrap-transition.js  (0ms)  (pid 3837)
Compiled twitter/bootstrap/bootstrap-alert.js  (0ms)  (pid 3837)
Compiled twitter/bootstrap/bootstrap-modal.js  (0ms)  (pid 3837)
Compiled twitter/bootstrap/bootstrap-dropdown.js  (0ms)  (pid 3837)
Compiled twitter/bootstrap/bootstrap-scrollspy.js  (0ms)  (pid 3837)
Compiled twitter/bootstrap/bootstrap-tab.js  (0ms)  (pid 3837)
Compiled twitter/bootstrap/bootstrap-tooltip.js  (0ms)  (pid 3837)
Compiled twitter/bootstrap/bootstrap-popover.js  (0ms)  (pid 3837)
Compiled twitter/bootstrap/bootstrap-button.js  (0ms)  (pid 3837)
Compiled twitter/bootstrap/bootstrap-collapse.js  (0ms)  (pid 3837)
Compiled twitter/bootstrap/bootstrap-carousel.js  (0ms)  (pid 3837)
Compiled twitter/bootstrap/bootstrap-typeahead.js  (0ms)  (pid 3837)
Compiled twitter/bootstrap/bootstrap-affix.js  (0ms)  (pid 3837)
Compiled twitter/bootstrap.js  (163ms)  (pid 3837)
Compiled albums.js  (55ms)  (pid 3837)
Compiled bootstrap.js  (5ms)  (pid 3837)
Compiled sessions.js  (0ms)  (pid 3837)
Compiled users.js  (18ms)  (pid 3837)
Compiled application.js  (281ms)  (pid 3837)
Compiled albums.css  (7ms)  (pid 3837)
Compiled bootstrap_and_overrides.css  (914ms)  (pid 3837)
Compiled sessions.css  (1ms)  (pid 3837)
Compiled users.css  (1ms)  (pid 3837)
Compiled application.css  (942ms)  (pid 3837)
Compiled jquery.js  (2ms)  (pid 3837)
Compiled jquery_ujs.js  (0ms)  (pid 3837)
Compiled twitter/bootstrap/bootstrap-transition.js  (0ms)  (pid 3837)
Compiled twitter/bootstrap/bootstrap-alert.js  (0ms)  (pid 3837)
Compiled twitter/bootstrap/bootstrap-modal.js  (0ms)  (pid 3837)
Compiled twitter/bootstrap/bootstrap-dropdown.js  (0ms)  (pid 3837)
Compiled twitter/bootstrap/bootstrap-scrollspy.js  (0ms)  (pid 3837)
Compiled twitter/bootstrap/bootstrap-tab.js  (0ms)  (pid 3837)
Compiled twitter/bootstrap/bootstrap-tooltip.js  (0ms)  (pid 3837)
Compiled twitter/bootstrap/bootstrap-popover.js  (0ms)  (pid 3837)
Compiled twitter/bootstrap/bootstrap-button.js  (0ms)  (pid 3837)
Compiled twitter/bootstrap/bootstrap-collapse.js  (0ms)  (pid 3837)
Compiled twitter/bootstrap/bootstrap-carousel.js  (0ms)  (pid 3837)
Compiled twitter/bootstrap/bootstrap-typeahead.js  (0ms)  (pid 3837)
Compiled twitter/bootstrap/bootstrap-affix.js  (0ms)  (pid 3837)
Compiled twitter/bootstrap.js  (155ms)  (pid 3837)
Compiled albums.js  (55ms)  (pid 3837)
Compiled bootstrap.js  (5ms)  (pid 3837)
Compiled sessions.js  (0ms)  (pid 3837)
Compiled users.js  (18ms)  (pid 3837)
Compiled application.js  (273ms)  (pid 3837)
Compiled albums.css  (25ms)  (pid 3837)
Compiled bootstrap_and_overrides.css  (833ms)  (pid 3837)
Compiled sessions.css  (1ms)  (pid 3837)
Compiled users.css  (1ms)  (pid 3837)
Compiled application.css  (929ms)  (pid 3837)
Connecting to database specified by database.yml
Started GET "/login" for 127.0.0.1 at 2013-07-24 08:10:19 +0530
Processing by SessionsController#new as HTML
  Rendered sessions/new.html.erb within layouts/application (4.1ms)
Completed 200 OK in 34ms (Views: 33.3ms | ActiveRecord: 0.0ms)
Started GET "/assets/application-1b7487706324ab1386b256b55aaf21b5.css" for 127.0.0.1 at 2013-07-24 08:10:19 +0530

ActionController::RoutingError (No route matches [GET] "/assets/application-1b7487706324ab1386b256b55aaf21b5.css"):
  actionpack (3.2.13) lib/action_dispatch/middleware/debug_exceptions.rb:21:in `call'
  actionpack (3.2.13) lib/action_dispatch/middleware/show_exceptions.rb:56:in `call'
  railties (3.2.13) lib/rails/rack/logger.rb:32:in `call_app'
  railties (3.2.13) lib/rails/rack/logger.rb:16:in `block in call'
  activesupport (3.2.13) lib/active_support/tagged_logging.rb:22:in `tagged'
  railties (3.2.13) lib/rails/rack/logger.rb:16:in `call'
  actionpack (3.2.13) lib/action_dispatch/middleware/request_id.rb:22:in `call'
  rack (1.4.5) lib/rack/methodoverride.rb:21:in `call'
  rack (1.4.5) lib/rack/runtime.rb:17:in `call'
  activesupport (3.2.13) lib/active_support/cache/strategy/local_cache.rb:72:in `call'
  rack (1.4.5) lib/rack/lock.rb:15:in `call'
  rack-cache (1.2) lib/rack/cache/context.rb:136:in `forward'
  rack-cache (1.2) lib/rack/cache/context.rb:245:in `fetch'
  rack-cache (1.2) lib/rack/cache/context.rb:185:in `lookup'
  rack-cache (1.2) lib/rack/cache/context.rb:66:in `call!'
  rack-cache (1.2) lib/rack/cache/context.rb:51:in `call'
  railties (3.2.13) lib/rails/engine.rb:479:in `call'
  railties (3.2.13) lib/rails/application.rb:223:in `call'
  rack (1.4.5) lib/rack/content_length.rb:14:in `call'
  railties (3.2.13) lib/rails/rack/log_tailer.rb:17:in `call'
  rack (1.4.5) lib/rack/handler/webrick.rb:59:in `service'
  /home/enbake/.rvm/rubies/ruby-1.9.3-p429/lib/ruby/1.9.1/webrick/httpserver.rb:138:in `service'
  /home/enbake/.rvm/rubies/ruby-1.9.3-p429/lib/ruby/1.9.1/webrick/httpserver.rb:94:in `run'
  /home/enbake/.rvm/rubies/ruby-1.9.3-p429/lib/ruby/1.9.1/webrick/server.rb:191:in `block in start_thread'


Started GET "/assets/application-0095bf5d731c006d12811245ea5d80ce.js" for 127.0.0.1 at 2013-07-24 08:10:19 +0530

ActionController::RoutingError (No route matches [GET] "/assets/application-0095bf5d731c006d12811245ea5d80ce.js"):
  actionpack (3.2.13) lib/action_dispatch/middleware/debug_exceptions.rb:21:in `call'
  actionpack (3.2.13) lib/action_dispatch/middleware/show_exceptions.rb:56:in `call'
  railties (3.2.13) lib/rails/rack/logger.rb:32:in `call_app'
  railties (3.2.13) lib/rails/rack/logger.rb:16:in `block in call'
  activesupport (3.2.13) lib/active_support/tagged_logging.rb:22:in `tagged'
  railties (3.2.13) lib/rails/rack/logger.rb:16:in `call'
  actionpack (3.2.13) lib/action_dispatch/middleware/request_id.rb:22:in `call'
  rack (1.4.5) lib/rack/methodoverride.rb:21:in `call'
  rack (1.4.5) lib/rack/runtime.rb:17:in `call'
  activesupport (3.2.13) lib/active_support/cache/strategy/local_cache.rb:72:in `call'
  rack (1.4.5) lib/rack/lock.rb:15:in `call'
  rack-cache (1.2) lib/rack/cache/context.rb:136:in `forward'
  rack-cache (1.2) lib/rack/cache/context.rb:245:in `fetch'
  rack-cache (1.2) lib/rack/cache/context.rb:185:in `lookup'
  rack-cache (1.2) lib/rack/cache/context.rb:66:in `call!'
  rack-cache (1.2) lib/rack/cache/context.rb:51:in `call'
  railties (3.2.13) lib/rails/engine.rb:479:in `call'
  railties (3.2.13) lib/rails/application.rb:223:in `call'
  rack (1.4.5) lib/rack/content_length.rb:14:in `call'
  railties (3.2.13) lib/rails/rack/log_tailer.rb:17:in `call'
  rack (1.4.5) lib/rack/handler/webrick.rb:59:in `service'
  /home/enbake/.rvm/rubies/ruby-1.9.3-p429/lib/ruby/1.9.1/webrick/httpserver.rb:138:in `service'
  /home/enbake/.rvm/rubies/ruby-1.9.3-p429/lib/ruby/1.9.1/webrick/httpserver.rb:94:in `run'
  /home/enbake/.rvm/rubies/ruby-1.9.3-p429/lib/ruby/1.9.1/webrick/server.rb:191:in `block in start_thread'


Connecting to database specified by database.yml
Started GET "/login" for 127.0.0.1 at 2013-07-24 08:10:59 +0530
Processing by SessionsController#new as HTML
  Rendered sessions/new.html.erb within layouts/application (4.0ms)
Completed 200 OK in 32ms (Views: 31.6ms | ActiveRecord: 0.0ms)
Started GET "/signup" for 127.0.0.1 at 2013-07-24 08:11:04 +0530
Processing by UsersController#new as HTML
  Rendered users/new.html.erb within layouts/application (134.7ms)
Completed 200 OK in 220ms (Views: 137.7ms | ActiveRecord: 32.5ms)
Started GET "/login" for 127.0.0.1 at 2013-07-24 08:11:05 +0530
Processing by SessionsController#new as HTML
  Rendered sessions/new.html.erb within layouts/application (0.8ms)
Completed 200 OK in 3ms (Views: 3.0ms | ActiveRecord: 0.0ms)
Started POST "/sessions" for 127.0.0.1 at 2013-07-24 08:11:09 +0530
Processing by SessionsController#create as HTML
  Parameters: {"utf8"=>"", "authenticity_token"=>"XuPith6ku5HFRlLt3DgvJCbbQzcnl/4Ttou4Yq2imes=", "email"=>"tpsingh+502@enbake.com", "password"=>"[FILTERED]", "commit"=>"Log in"}
  Rendered sessions/new.html.erb within layouts/application (0.9ms)
Completed 200 OK in 18ms (Views: 3.3ms | ActiveRecord: 2.7ms)
Started GET "/" for 127.0.0.1 at 2013-07-24 08:11:21 +0530
Processing by AlbumsController#index as HTML
Redirected to http://localhost:3000/login
Filter chain halted as :authenticate_user rendered or redirected
Completed 302 Found in 2ms (ActiveRecord: 0.0ms)
Started GET "/login" for 127.0.0.1 at 2013-07-24 08:11:21 +0530
Processing by SessionsController#new as HTML
  Rendered sessions/new.html.erb within layouts/application (1.0ms)
Completed 200 OK in 4ms (Views: 3.7ms | ActiveRecord: 0.0ms)
Started GET "/login" for 127.0.0.1 at 2013-07-24 08:11:30 +0530
Processing by SessionsController#new as HTML
  Rendered sessions/new.html.erb within layouts/application (1.9ms)
Completed 200 OK in 6ms (Views: 5.3ms | ActiveRecord: 0.0ms)
Started GET "/signup" for 127.0.0.1 at 2013-07-24 08:11:32 +0530
Processing by UsersController#new as HTML
  Rendered users/new.html.erb within layouts/application (8.1ms)
Completed 200 OK in 11ms (Views: 10.3ms | ActiveRecord: 0.0ms)
Started GET "/signup" for 127.0.0.1 at 2013-07-24 08:11:38 +0530
Processing by UsersController#new as HTML
  Rendered users/new.html.erb within layouts/application (10.7ms)
Completed 200 OK in 14ms (Views: 13.7ms | ActiveRecord: 0.0ms)
Started GET "/" for 127.0.0.1 at 2013-07-24 08:12:57 +0530
Processing by AlbumsController#index as HTML
Redirected to http://localhost:3000/login
Filter chain halted as :authenticate_user rendered or redirected
Completed 302 Found in 1ms (ActiveRecord: 0.0ms)
Started GET "/login" for 127.0.0.1 at 2013-07-24 08:12:57 +0530
Processing by SessionsController#new as HTML
  Rendered sessions/new.html.erb within layouts/application (1.9ms)
Completed 200 OK in 8ms (Views: 7.5ms | ActiveRecord: 0.0ms)
Started GET "/login" for 127.0.0.1 at 2013-07-24 08:13:00 +0530
Processing by SessionsController#new as HTML
  Rendered sessions/new.html.erb within layouts/application (0.7ms)
Completed 200 OK in 3ms (Views: 2.9ms | ActiveRecord: 0.0ms)
Started GET "/" for 127.0.0.1 at 2013-07-24 08:13:06 +0530
Processing by AlbumsController#index as HTML
Redirected to http://localhost:3000/login
Filter chain halted as :authenticate_user rendered or redirected
Completed 302 Found in 1ms (ActiveRecord: 0.0ms)
Started GET "/login" for 127.0.0.1 at 2013-07-24 08:13:06 +0530
Processing by SessionsController#new as HTML
  Rendered sessions/new.html.erb within layouts/application (0.8ms)
Completed 200 OK in 3ms (Views: 3.1ms | ActiveRecord: 0.0ms)
Started GET "/signup" for 127.0.0.1 at 2013-07-24 08:13:17 +0530
Processing by UsersController#new as HTML
  Rendered users/new.html.erb within layouts/application (8.8ms)
Completed 200 OK in 11ms (Views: 10.9ms | ActiveRecord: 0.0ms)
Started GET "/signup" for 127.0.0.1 at 2013-07-24 08:15:26 +0530
Processing by UsersController#new as HTML
  Rendered users/new.html.erb within layouts/application (12.7ms)
Completed 200 OK in 15ms (Views: 15.0ms | ActiveRecord: 0.0ms)
Started POST "/users" for 127.0.0.1 at 2013-07-24 08:15:30 +0530
Processing by UsersController#create as HTML
  Parameters: {"utf8"=>"", "authenticity_token"=>"XuPith6ku5HFRlLt3DgvJCbbQzcnl/4Ttou4Yq2imes=", "user"=>{"first_name"=>"", "last_name"=>"", "email"=>"tpsingh+502@enbake.com", "password"=>"[FILTERED]", "password_confirmation"=>"[FILTERED]"}, "commit"=>"Create User"}
  Rendered users/new.html.erb within layouts/application (7.9ms)
Completed 200 OK in 165ms (Views: 10.2ms | ActiveRecord: 2.2ms)
Started GET "/signup" for 127.0.0.1 at 2013-07-24 08:15:40 +0530
Processing by UsersController#new as HTML
  Rendered users/new.html.erb within layouts/application (7.2ms)
Completed 200 OK in 10ms (Views: 9.2ms | ActiveRecord: 0.0ms)
Started GET "/login" for 127.0.0.1 at 2013-07-24 08:15:41 +0530
Processing by SessionsController#new as HTML
  Rendered sessions/new.html.erb within layouts/application (0.7ms)
Completed 200 OK in 3ms (Views: 2.8ms | ActiveRecord: 0.0ms)
Started GET "/" for 127.0.0.1 at 2013-07-24 08:15:44 +0530
Processing by AlbumsController#index as HTML
Redirected to http://localhost:3000/login
Filter chain halted as :authenticate_user rendered or redirected
Completed 302 Found in 1ms (ActiveRecord: 0.0ms)
Started GET "/login" for 127.0.0.1 at 2013-07-24 08:15:44 +0530
Processing by SessionsController#new as HTML
  Rendered sessions/new.html.erb within layouts/application (0.7ms)
Completed 200 OK in 3ms (Views: 2.8ms | ActiveRecord: 0.0ms)
Connecting to database specified by database.yml
